2024-09-25 13:38:08,957 CRIT Supervisor is running as root.  Privileges were not dropped because no user is specified in the config file.  If you intend to run as root, you can set user=root in the config file to avoid this message.
2024-09-25 13:38:08,960 INFO supervisord started with pid 1
2024-09-25 13:38:09,963 INFO spawned: 'cron' with pid 7
2024-09-25 13:38:09,964 INFO spawnerr: can't find command '/usr/sbin/php-fpm8.2'
2024-09-25 13:38:10,966 INFO success: cron entered RUNNING state, process has stayed up for > than 1 seconds (startsecs)
2024-09-25 13:38:10,966 INFO spawnerr: can't find command '/usr/sbin/php-fpm8.2'
2024-09-25 13:38:12,968 INFO spawnerr: can't find command '/usr/sbin/php-fpm8.2'
2024-09-25 13:38:15,971 INFO spawnerr: can't find command '/usr/sbin/php-fpm8.2'
2024-09-25 13:38:15,971 INFO gave up: php-fpm entered FATAL state, too many start retries too quickly
2024-09-25 13:39:15,031 WARN received SIGQUIT indicating exit request
2024-09-25 13:39:15,031 INFO waiting for cron to die
2024-09-25 13:39:16,033 WARN stopped: cron (terminated by SIGTERM)
2024-09-25 13:40:37,914 CRIT Supervisor is running as root.  Privileges were not dropped because no user is specified in the config file.  If you intend to run as root, you can set user=root in the config file to avoid this message.
2024-09-25 13:40:37,917 INFO supervisord started with pid 1
2024-09-25 13:40:38,920 INFO spawned: 'cron' with pid 7
2024-09-25 13:40:38,920 INFO spawnerr: can't find command '/usr/bin/php-fpm8.2'
2024-09-25 13:40:39,922 INFO success: cron entered RUNNING state, process has stayed up for > than 1 seconds (startsecs)
2024-09-25 13:40:39,922 INFO spawnerr: can't find command '/usr/bin/php-fpm8.2'
2024-09-25 13:40:41,924 INFO spawnerr: can't find command '/usr/bin/php-fpm8.2'
2024-09-25 13:40:44,927 INFO spawnerr: can't find command '/usr/bin/php-fpm8.2'
2024-09-25 13:40:44,927 INFO gave up: php-fpm entered FATAL state, too many start retries too quickly
2024-09-25 13:41:34,977 WARN received SIGQUIT indicating exit request
2024-09-25 13:41:34,977 INFO waiting for cron to die
2024-09-25 13:41:35,979 WARN stopped: cron (terminated by SIGTERM)
2024-09-25 13:43:05,835 CRIT Supervisor is running as root.  Privileges were not dropped because no user is specified in the config file.  If you intend to run as root, you can set user=root in the config file to avoid this message.
2024-09-25 13:43:05,837 INFO supervisord started with pid 1
2024-09-25 13:43:06,841 INFO spawned: 'cron' with pid 7
2024-09-25 13:43:06,842 INFO spawnerr: can't find command '/usr/bin/php-fpm8.2'
2024-09-25 13:43:07,843 INFO success: cron entered RUNNING state, process has stayed up for > than 1 seconds (startsecs)
2024-09-25 13:43:07,843 INFO spawnerr: can't find command '/usr/bin/php-fpm8.2'
2024-09-25 13:43:09,845 INFO spawnerr: can't find command '/usr/bin/php-fpm8.2'
2024-09-25 13:43:12,848 INFO spawnerr: can't find command '/usr/bin/php-fpm8.2'
2024-09-25 13:43:12,848 INFO gave up: php-fpm entered FATAL state, too many start retries too quickly
2024-09-25 13:49:57,255 WARN received SIGQUIT indicating exit request
2024-09-25 13:49:57,256 INFO waiting for cron to die
2024-09-25 13:49:58,257 WARN stopped: cron (terminated by SIGTERM)
